<?xml version="1.0" encoding="UTF-8"?>
<!-- Generated by org.testng.reporters.JUnitXMLReporter -->
<testsuite hostname="LNDA0055" name="Default test" tests="6" failures="0" timestamp="13 Dec 2013 13:56:16 GMT" time="62.763" errors="0">
  <testcase name="testSSOfrontdoorlaunch" time="20.29" classname="Selenium.Dtcoursestest.createcmtest"/>
  <testcase name="testChooseTitle" time="14.903" classname="Selenium.Dtcoursestest.createcmtest"/>
  <testcase name="testSelectIAC" time="3.144" classname="Selenium.Dtcoursestest.createcmtest"/>
  <testcase name="testNameTheCourse" time="4.295" classname="Selenium.Dtcoursestest.createcmtest"/>
  <testcase name="testSelectComponentsScreen" time="9.677" classname="Selenium.Dtcoursestest.createcmtest"/>
  <testcase name="testConfirmationWindow" time="10.315" classname="Selenium.Dtcoursestest.createcmtest"/>
</testsuite> <!-- Default test -->
