<?xml version="1.0" encoding="UTF-8"?>
<!-- Generated by org.testng.reporters.JUnitXMLReporter -->
<testsuite hostname="LNDA0055" name="Create Course Mode" tests="6" failures="0" timestamp="8 Nov 2013 11:08:10 GMT" time="47.349" errors="0">
  <testcase name="testSSOfrontdoorlaunch" time="12.366" classname="Selenium.Dtcoursestest.createcmtest"/>
  <testcase name="testChooseTitle" time="14.28" classname="Selenium.Dtcoursestest.createcmtest"/>
  <testcase name="testSelectIAC" time="3.161" classname="Selenium.Dtcoursestest.createcmtest"/>
  <testcase name="testNameTheCourse" time="4.485" classname="Selenium.Dtcoursestest.createcmtest"/>
  <testcase name="testSelectComponentsScreen" time="3.641" classname="Selenium.Dtcoursestest.createcmtest"/>
  <testcase name="testConfirmationWindow" time="9.283" classname="Selenium.Dtcoursestest.createcmtest"/>
</testsuite> <!-- Create Course Mode -->
